C:\USERS\THE SORROW\DOCUMENTS\VISUAL STUDIO 2012\PROJECTS\COSMICAVENGER\COSMICAVENGER\DEBUG\SOURCE.OBJ
C:\USERS\THE SORROW\DOCUMENTS\VISUAL STUDIO 2012\PROJECTS\COSMICAVENGER\COSMICAVENGER\DEBUG\VC110.PDB
C:\USERS\THE SORROW\DOCUMENTS\VISUAL STUDIO 2012\PROJECTS\COSMICAVENGER\DEBUG\COSMICAVENGER.ILK
C:\USERS\THE SORROW\DOCUMENTS\VISUAL STUDIO 2012\PROJECTS\COSMICAVENGER\DEBUG\COSMICAVENGER.EXE
C:\USERS\THE SORROW\DOCUMENTS\VISUAL STUDIO 2012\PROJECTS\COSMICAVENGER\DEBUG\COSMICAVENGER.PDB
C:\Users\The Sorrow\documents\visual studio 2012\Projects\CosmicAvenger\CosmicAvenger\Debug\Source.obj
C:\Users\The Sorrow\documents\visual studio 2012\Projects\CosmicAvenger\CosmicAvenger\Debug\cl.command.1.tlog
C:\Users\The Sorrow\documents\visual studio 2012\Projects\CosmicAvenger\CosmicAvenger\Debug\CL.read.1.tlog
C:\Users\The Sorrow\documents\visual studio 2012\Projects\CosmicAvenger\CosmicAvenger\Debug\CL.write.1.tlog
C:\Users\The Sorrow\documents\visual studio 2012\Projects\CosmicAvenger\CosmicAvenger\Debug\link-cvtres.read.1.tlog
C:\Users\The Sorrow\documents\visual studio 2012\Projects\CosmicAvenger\CosmicAvenger\Debug\link-cvtres.write.1.tlog
C:\Users\The Sorrow\documents\visual studio 2012\Projects\CosmicAvenger\CosmicAvenger\Debug\link-rc.read.1.tlog
C:\Users\The Sorrow\documents\visual studio 2012\Projects\CosmicAvenger\CosmicAvenger\Debug\link-rc.write.1.tlog
C:\Users\The Sorrow\documents\visual studio 2012\Projects\CosmicAvenger\CosmicAvenger\Debug\link.command.1.tlog
C:\Users\The Sorrow\documents\visual studio 2012\Projects\CosmicAvenger\CosmicAvenger\Debug\link.read.1.tlog
C:\Users\The Sorrow\documents\visual studio 2012\Projects\CosmicAvenger\CosmicAvenger\Debug\link.write.1.tlog
C:\Users\The Sorrow\documents\visual studio 2012\Projects\CosmicAvenger\CosmicAvenger\Debug\vc110.idb
C:\Users\The Sorrow\documents\visual studio 2012\Projects\CosmicAvenger\CosmicAvenger\Debug\vc110.pdb
C:\Users\The Sorrow\documents\visual studio 2012\Projects\CosmicAvenger\Debug\CosmicAvenger.pdb
C:\Users\The Sorrow\documents\visual studio 2012\Projects\CosmicAvenger\Debug\CosmicAvenger.exe
C:\Users\The Sorrow\documents\visual studio 2012\Projects\CosmicAvenger\Debug\CosmicAvenger.ilk
